<?xml version="1.0" encoding="UTF-8"?>
<testng-results ignored="0" total="1" passed="1" failed="0" skipped="0">
  <reporter-output>
  </reporter-output>
  <suite started-at="2023-04-06T11:31:38 EDT" name="Default suite" finished-at="2023-04-06T11:31:40 EDT" duration-ms="1666">
    <groups>
    </groups>
    <test started-at="2023-04-06T11:31:38 EDT" name="Default test" finished-at="2023-04-06T11:31:40 EDT" duration-ms="1666">
      <class name="orangehrm.LoginTest">
        <test-method signature="doLogin()[pri:0, instance:orangehrm.LoginTest@346d61be]" started-at="2023-04-06T11:31:38 EDT" name="doLogin" finished-at="2023-04-06T11:31:40 EDT" duration-ms="1645" status="PASS">
          <reporter-output>
          </reporter-output>
        </test-method> <!-- doLogin -->
      </class> <!-- orangehrm.LoginTest -->
    </test> <!-- Default test -->
  </suite> <!-- Default suite -->
</testng-results>
