<?xml version="1.0" encoding="UTF-8"?>
<testng-results ignored="0" total="1" passed="1" failed="0" skipped="0">
  <reporter-output>
  </reporter-output>
  <suite started-at="2023-02-15T17:29:46 EST" name="Suite" finished-at="2023-02-15T17:29:52 EST" duration-ms="5352">
    <groups>
    </groups>
    <test started-at="2023-02-15T17:29:46 EST" name="Test" finished-at="2023-02-15T17:29:52 EST" duration-ms="5352">
      <class name="orangehrm.LoginTest">
        <test-method signature="doLogin()[pri:0, instance:orangehrm.LoginTest@3315d2d7]" started-at="2023-02-15T17:29:46 EST" name="doLogin" finished-at="2023-02-15T17:29:52 EST" duration-ms="5327" status="PASS">
          <reporter-output>
          </reporter-output>
        </test-method> <!-- doLogin -->
      </class> <!-- orangehrm.LoginTest -->
    </test> <!-- Test -->
  </suite> <!-- Suite -->
</testng-results>
